<?xml version="1.0" encoding="UTF-8"?>
<!-- Generated by org.testng.reporters.JUnitReportReporter -->
<testsuite hostname="DESKTOP-LC4NJQA" failures="0" tests="1" name="testCases.TC0001_AccountRegistration" time="3.474" errors="0" timestamp="2025-06-02T06:58:34 IST" skipped="0">
  <testcase classname="testCases.TC0001_AccountRegistration" name="verify_accountregistration" time="3.474"/>
</testsuite> <!-- testCases.TC0001_AccountRegistration -->
