<?xml version="1.0" encoding="UTF-8"?>
<!-- Generated by org.testng.reporters.JUnitReportReporter -->
<testsuite hostname="DESKTOP-LC4NJQA" failures="0" tests="1" name="testCases.TC0001_AccountRegistration" time="3.953" errors="0" timestamp="2025-04-24T11:44:33 IST" skipped="0">
  <testcase classname="testCases.TC0001_AccountRegistration" name="verify_accountregistration" time="3.953"/>
</testsuite> <!-- testCases.TC0001_AccountRegistration -->
