<?xml version="1.0" encoding="UTF-8"?>
<!-- Generated by org.testng.reporters.JUnitReportReporter -->
<testsuite hostname="DESKTOP-LC4NJQA" failures="0" tests="1" name="testCases.TC0001_AccountRegistration" time="2.533" errors="0" timestamp="2025-04-29T11:43:53 IST" skipped="0">
  <testcase classname="testCases.TC0001_AccountRegistration" name="verify_accountregistration" time="2.533"/>
</testsuite> <!-- testCases.TC0001_AccountRegistration -->
